<?xml version="1.0" encoding="UTF-8"?>
<!-- Generated by org.testng.reporters.JUnitReportReporter -->
<testsuite hostname="Zenil" name="test_1" tests="2" failures="0" timestamp="28 Jun 2015 08:08:54 GMT" time="0.010" errors="0">
  <testcase name="testUserregisteration" time="0.005" classname="test_1"/>
  <testcase name="testLogin" time="0.005" classname="test_1"/>
</testsuite> <!-- test_1 -->
