<?xml version="1.0" encoding="UTF-8"?>
<!-- Generated by org.testng.reporters.JUnitReportReporter -->
<testsuite hostname="Zenil" name="testFormfill" tests="2" failures="0" timestamp="28 Jun 2015 08:08:54 GMT" time="0.000" errors="0">
  <testcase name="testFormfill" time="0.000" classname="testFormfill"/>
  <testcase name="testFormfill" time="0.000" classname="testFormfill"/>
</testsuite> <!-- testFormfill -->
