<?xml version="1.0" encoding="UTF-8"?>
<!-- Generated by org.testng.reporters.JUnitReportReporter -->
<testsuite hostname="Zenil" name="testAssertion" tests="2" failures="0" timestamp="28 Jun 2015 08:08:54 GMT" time="0.000" errors="0">
  <testcase name="testTitle" time="0.000" classname="testAssertion"/>
  <testcase name="testLink" time="0.000" classname="testAssertion"/>
</testsuite> <!-- testAssertion -->
